ISim log file
Running: D:\ISE\Project4\P4_test_isim_beh.exe -intstyle ise -gui -tclbatch isim.cmd -wdb D:/ISE/Project4/P4_test_isim_beh.wdb 
ISim P.20131013 (signature 0x7708f090)
This is a Full version of ISim.
Time resolution is 1 ps
# onerror resume
# wave add /
# run 1000 ns
Simulator is doing circuit initialization process.
Finished circuit initialization process.
$ 2 <= 81ae0000
$ 2 <= 81aec017
$16 <= 00000006
$ 8 <= 8f230000
$ 8 <= 8f2314ad
*00000000 <= 8f2314ad
$ 9 <= 10d1d4c4
*00000004 <= 10d1d4c4
$31 <= 000030ac
*00000008 <= 000030ac
$11 <= 00000007
$16 <= 0000000d
$ 2 <= 81aef0c3
$31 <= 00003078
*0000000c <= 00003078
$12 <= 000030ac
$13 <= 000070ec
$ 2 <= 81af61af
*00000010 <= 000030ac
*00000014 <= 00000000
$11 <= 0000000b
$16 <= 00000018
$31 <= 00003030
*00000018 <= 00003030
$22 <= 00004040
$15 <= 00000f90
$23 <= 000030b0
$19 <= 000030c8
$ 2 <= 81af9277
$ 8 <= 10d2a724
*0000001c <= 10d2a724
$11 <= 000030d3
*00000020 <= 000030d3
$18 <= ffffcf38
$19 <= 00006190
$17 <= 000030c8
$ 4 <= 00000024
$26 <= 00000e0e
$26 <= 00000001
*00000024 <= 00000001
$26 <= 00000004
$ 4 <= 00000028
$23 <= ffff0000
$23 <= ffff9ae4
$23 <= 00000000
*00000028 <= 00000000
$23 <= 00000004
$ 4 <= 0000002c
$25 <= 00005f90
$25 <= 00000001
*0000002c <= 00000001
$24 <= 00005a9b
$24 <= 00000000
*0000002c <= 00000000
$27 <= 00000004
$ 4 <= 0000002c
$26 <= 0000783e
$26 <= 00000001
*0000002c <= 00000001
$26 <= 00000004
$ 4 <= 00000030
$27 <= 00001216
$27 <= 00000001
*00000030 <= 00000001
$27 <= 00000004
$ 4 <= 00000034
$25 <= ffff0000
$25 <= ffff8d37
$25 <= 00000001
*00000034 <= 00000001
$25 <= 00000004
$ 4 <= 00000038
$23 <= 00002f81
$23 <= 00000000
*00000038 <= 00000000
$23 <= 00000004
$ 4 <= 0000003c
$23 <= 00005fdf
$23 <= 00000001
*0000003c <= 00000001
$23 <= 00000004
$ 4 <= 00000040
$27 <= ffff0000
$27 <= ffffd454
$27 <= 00000000
*00000040 <= 00000000
$27 <= 00000004
$ 4 <= 00000044
$27 <= ffff0000
$27 <= ffffb894
$27 <= 00000001
*00000044 <= 00000001
$27 <= 00000004
$ 4 <= 00000048
$26 <= 000013d0
$26 <= 00000001
*00000048 <= 00000001
$26 <= 00000004
$ 4 <= 0000004c
$25 <= 00005023
$25 <= 00000001
*0000004c <= 00000001
$25 <= 00000004
$ 4 <= 00000050
$26 <= ffff0000
$26 <= ffffafff
$26 <= 00000000
*00000050 <= 00000000
$26 <= 00000004
$ 4 <= 00000054
$27 <= 00000b3c
$27 <= 00000001
*00000054 <= 00000001
$27 <= 00000004
$ 4 <= 00000058
$24 <= ffff0000
$24 <= ffff826a
$24 <= 00000001
*00000058 <= 00000001
$24 <= 00000004
$ 4 <= 0000005c
$25 <= ffff0000
$25 <= ffffea74
$25 <= 00000000
*0000005c <= 00000000
$25 <= 00000004
$ 4 <= 00000060
$23 <= 00004f5e
$23 <= 00000001
*00000060 <= 00000001
$23 <= 00000004
$ 4 <= 00000064
$26 <= ffff0000
$26 <= ffffea17
$26 <= 00000000
*00000064 <= 00000000
$26 <= 00000004
$ 4 <= 00000068
$25 <= ffff0000
$25 <= ffffd0dd
$25 <= 00000000
*00000068 <= 00000000
$25 <= 00000004
$ 4 <= 0000006c
$23 <= 00002901
$23 <= 00000001
*0000006c <= 00000001
$23 <= 00000004
$ 4 <= 00000070
$31 <= 000032b8
