ISim log file
Running: D:\ISE\Project_5.3\test_isim_beh.exe -intstyle ise -gui -tclbatch isim.cmd -wdb D:/ISE/Project_5.3/test_isim_beh.wdb 
ISim P.20131013 (signature 0x7708f090)
This is a Full version of ISim.
Time resolution is 1 ps
# onerror resume
# wave add /
# run 1000 ns
Simulator is doing circuit initialization process.
Finished circuit initialization process.
$ 9 <= 00003000
$ 8 <= 00003000
$10 <= 00000100
$ 9 <= 00002f00
$ 8 <= 00002f00
$ 8 <= 00002f00
$ 9 <= 00002f00
$ 8 <= 00000bc0
$ 9 <= 00017800
$ 9 <= 00005000
$ 8 <= 00005000
$ 9 <= 0000a000
$10 <= 00000080
$11 <= 00000080
$10 <= 0000a000
$10 <= 0000a000
*00000000 <= 00005000
$ 8 <= 00003010
$ 9 <= 00003034
$10 <= 00003048
*00000040 <= 00003010
*00000044 <= 00003034
*00000048 <= 00003048
$17 <= 00003034
$17 <= 00003048
*00000000 <= 00003034
$ 9 <= 00003000
$ 8 <= 00003000
$10 <= 00000114
$ 9 <= 00003114
$ 9 <= 00003128
*00000000 <= 00003128
$ 8 <= 00003010
$ 9 <= 00003160
$10 <= 00003174
*00000040 <= 00003010
*00000044 <= 00003160
*00000048 <= 00003174
$ 9 <= 00003160
$ 9 <= 00003174
*00000000 <= 00003174
$ 8 <= 00003000
$ 9 <= 00003040
$10 <= 00003080
$11 <= 000030c0
$12 <= 00003100
*00000040 <= 00003000
*00000044 <= 00003040
*00000048 <= 00003080
*0000004c <= 000030c0
*00000050 <= 00003100
$16 <= 00003100
$31 <= 00003101
$17 <= 000030c0
$31 <= ffffffc0
$18 <= 00003080
$31 <= 00000c20
$19 <= 00003040
$31 <= 0000b0f1
$20 <= 00003000
$31 <= 00003000
$ 8 <= 00000004
$ 9 <= 00000008
$10 <= 0000000c
$11 <= 00000010
$12 <= 00000014
*00000040 <= 00000004
*00000044 <= 00000008
*00000048 <= 0000000c
*0000004c <= 00000010
*00000050 <= 00000014
$16 <= 00000014
$17 <= 00000010
$18 <= 0000000c
$19 <= 00000008
$20 <= 00000004
$ 8 <= 00000004
$ 9 <= 00000008
$10 <= 0000000c
$11 <= 00000010
$12 <= 00000014
*00000040 <= 00000004
*00000044 <= 00000008
*00000048 <= 0000000c
*0000004c <= 00000010
*00000050 <= 00000014
$16 <= 00000014
*00000054 <= 00000004
$17 <= 00000010
*00000058 <= 00000008
$18 <= 0000000c
*0000005c <= 0000000c
$19 <= 00000008
*00000060 <= 00000010
$20 <= 00000004
*00000064 <= 00000014
$ 9 <= 00003000
$ 8 <= 00003014
$16 <= 00004000
$31 <= 00003298
$ 9 <= 00006028
$ 9 <= 00006028
$ 9 <= 00006028
$31 <= 000032b4
$10 <= 00000030
$10 <= 00006028
*00000000 <= 00006028
$31 <= 00003008
$ 9 <= 00003014
$10 <= 00004000
$31 <= 000032e0
$16 <= 00006028
$31 <= 000065c0
*00000000 <= 00003014
$31 <= 000032f0
$17 <= 00006028
$ 7 <= 00003020
$ 8 <= 00003004
$29 <= 00000000
$31 <= 0000331c
*00000000 <= 0000331c
$ 8 <= 00000000
$ 8 <= 00000000
