#-----------------------------------------------------------
# PlanAhead v14.7 (64-bit)
# Build 321239 by xbuild on Fri Sep 27 19:29:51 MDT 2013
# Start of session at: Thu Dec 08 00:56:43 2016
# Process ID: 8276
# Log file: D:/ISE/Project_5.3/planAhead_run_1/planAhead.log
# Journal file: D:/ISE/Project_5.3/planAhead_run_1/planAhead.jou
#-----------------------------------------------------------
INFO: [Common 17-78] Attempting to get a license: PlanAhead
INFO: [Common 17-290] Got license for PlanAhead
INFO: [Device 21-36] Loading parts and site information from D:/xilinx/14.7/ISE_DS/PlanAhead/data/parts/arch.xml
Parsing RTL primitives file [D:/xilinx/14.7/ISE_DS/PlanAhead/data/parts/xilinx/rtl/prims/rtl_prims.xml]
Finished parsing RTL primitives file [D:/xilinx/14.7/ISE_DS/PlanAhead/data/parts/xilinx/rtl/prims/rtl_prims.xml]
start_gui
source D:/ISE/Project_5.3/pa.fromHdl.tcl
# create_project -name Project_5.3 -dir "D:/ISE/Project_5.3/planAhead_run_1" -part xa7a100tcsg324-2I
create_project: Time (s): elapsed = 00:00:07 . Memory (MB): peak = 427.285 ; gain = 73.691
# set_param project.pinAheadLayout yes
# set srcset [get_property srcset [current_run -impl]]
# set_property target_constrs_file "mips.ucf" [current_fileset -constrset]
Adding file 'D:/ISE/Project_5.3/mips.ucf' to fileset 'constrs_1'
# set hdlfile [add_files [list {IF.v}]]
# set_property file_type Verilog $hdlfile
# set_property library work $hdlfile
# set hdlfile [add_files [list {mips.v}]]
# set_property file_type Verilog $hdlfile
# set_property library work $hdlfile
# set_property top mips $srcset
# add_files [list {mips.ucf}] -fileset [get_property constrset [current_run]]
# open_rtl_design -part xa7a100tcsg324-2I
Using Verific elaboration
Parsing VHDL file "D:/xilinx/14.7/ISE_DS/PlanAhead/data/parts/xilinx/rtl/lib/synplify/synattr.vhd" into library synplify
Analyzing Verilog file "D:/ISE/Project_5.3/IF.v" into library work
Analyzing Verilog file "D:/ISE/Project_5.3/mips.v" into library work
WARNING: [HDL 9-806] Syntax error near "(". [D:/ISE/Project_5.3/mips.v:60]
CRITICAL WARNING: [EDIF 20-96] Could not resolve non-primitive black box cell 'IF_ID' instantiated as 'IF_ID1' [D:/ISE/Project_5.3/mips.v:47]
Resolution: File names need to match cell names: an EDIF definition will be found in IF_ID.edf; an HDL definition may be placed in any Verilog/VHDL file.
Loading clock regions from D:/xilinx/14.7/ISE_DS/PlanAhead/data\parts/xilinx/artix7/aartix7/xa7a100t/ClockRegion.xml
Loading clock buffers from D:/xilinx/14.7/ISE_DS/PlanAhead/data\parts/xilinx/artix7/aartix7/xa7a100t/ClockBuffers.xml
Loading clock placement rules from D:/xilinx/14.7/ISE_DS/PlanAhead/data/parts/xilinx/artix7/ClockPlacerRules.xml
Loading package pin functions from D:/xilinx/14.7/ISE_DS/PlanAhead/data\parts/xilinx/artix7/PinFunctions.xml...
Loading package from D:/xilinx/14.7/ISE_DS/PlanAhead/data\parts/xilinx/artix7/aartix7/xa7a100t/csg324/Package.xml
Loading io standards from D:/xilinx/14.7/ISE_DS/PlanAhead/data\./parts/xilinx/artix7/IOStandards.xml
Loading device configuration modes from D:/xilinx/14.7/ISE_DS/PlanAhead/data\parts/xilinx/artix7/ConfigModes.xml
Loading list of drcs for the architecture : D:/xilinx/14.7/ISE_DS/PlanAhead/data\./parts/xilinx/artix7/drc.xml
Parsing UCF File [D:/ISE/Project_5.3/mips.ucf]
Finished Parsing UCF File [D:/ISE/Project_5.3/mips.ucf]
INFO: [Project 1-111] Unisim Transformation Summary:
No Unisim elements were transformed.

Phase 0 | Netlist Checksum: 13e929df
open_rtl_design: Time (s): elapsed = 00:00:23 . Memory (MB): peak = 798.145 ; gain = 363.305
update_compile_order -fileset sim_1
update_compile_order -fileset sources_1
update_compile_order -fileset sim_1
exit
ERROR: [PlanAhead 12-106] *** Exception: ui.h.b: Found deleted key in HTclEventBroker. Verify if the classes listed here call cleanup()
HTclEvent: SIGNAL_MODIFY   Classes: ui.views.aR 
HTclEvent: SIGNAL_BUS_MODIFY   Classes: ui.views.aR 
HTclEvent: DEBUG_PORT_CONFIG_CHANGE   Classes: ui.views.aR 
HTclEvent: DEBUG_CORE_CONFIG_CHANGE   Classes: ui.views.aR 
 (See D:/ISE/Project_5.3\planAhead_pid8276.debug)
ERROR: [Common 17-39] 'stop_gui' failed due to earlier errors.
INFO: [Common 17-206] Exiting PlanAhead at Thu Dec 08 01:13:33 2016...
INFO: [Common 17-83] Releasing license: PlanAhead
